2026-03-24 17:40:54 [ixnetwork_restpy.connection tid:124993348860992] [INFO] using python version 3.14.3 (main, Mar 23 2026, 09:47:32) [GCC 11.4.0]
2026-03-24 17:40:54 [ixnetwork_restpy.connection tid:124993348860992] [INFO] using ixnetwork-restpy version 1.9.0
2026-03-24 17:40:54 [ixnetwork_restpy.connection tid:124993348860992] [WARNING] Verification of certificates is disabled
2026-03-24 17:40:54 [ixnetwork_restpy.connection tid:124993348860992] [INFO] Determining the platform and rest_port using the 10.36.94.225 address...
2026-03-24 17:40:54 [ixnetwork_restpy.connection tid:124993348860992] [WARNING] Unable to connect to http://10.36.94.225:443.
2026-03-24 17:40:54 [ixnetwork_restpy.connection tid:124993348860992] [INFO] Connection established to `https://10.36.94.225:443 on linux`
2026-03-24 17:41:28 [ixnetwork_restpy.connection tid:124993348860992] [INFO] Using IxNetwork api server version 11.10.2508.10
2026-03-24 17:41:28 [ixnetwork_restpy.connection tid:124993348860992] [INFO] User info IxNetwork/ixnetworkweb/seunyang-75-3150256
2026-03-24 17:41:29 [ixnetwork_restpy.connection tid:124993348860992] [INFO] Loading config file: bgp_ngpf_8.30.ixncfg
2026-03-24 17:41:37 [ixnetwork_restpy.connection tid:124993348860992] [INFO] Adding test port hosts [10.36.88.110]...
2026-03-24 17:41:37 [ixnetwork_restpy.connection tid:124993348860992] [INFO] [10.36.88.110] is already added.
2026-03-24 17:41:40 [ixnetwork_restpy.connection tid:124993348860992] [INFO] PortMapAssistant._add_hosts duration: 3.57537841796875secs
2026-03-24 17:41:40 [ixnetwork_restpy.connection tid:124993348860992] [INFO] Connecting virtual ports to test ports using location
2026-03-24 17:41:44 [ixnetwork_restpy.connection tid:124993348860992] [INFO] PortMapAssistant._connect_ports duration: 3.6446497440338135secs
2026-03-24 17:41:44 [ixnetwork_restpy.connection tid:124993348860992] [INFO] Checking virtual port link states
2026-03-24 17:41:53 [ixnetwork_restpy.connection tid:124993348860992] [INFO] PortMapAssistant._check_link_state duration: 9.46173620223999secs
2026-03-24 17:41:53 [ixnetwork_restpy.connection tid:124993348860992] [INFO] Starting NGPF protocols
2026-03-24 17:42:59 [ixnetwork_restpy.connection tid:124993348860992] [WARNING] Verification of certificates is disabled
2026-03-24 17:42:59 [ixnetwork_restpy.connection tid:124993348860992] [INFO] Determining the platform and rest_port using the 10.36.94.225 address...
2026-03-24 17:42:59 [ixnetwork_restpy.connection tid:124993348860992] [WARNING] Unable to connect to http://10.36.94.225:443.
2026-03-24 17:42:59 [ixnetwork_restpy.connection tid:124993348860992] [INFO] Connection established to `https://10.36.94.225:443 on linux`
2026-03-24 17:43:30 [ixnetwork_restpy.connection tid:124993348860992] [INFO] Using IxNetwork api server version 11.10.2508.10
2026-03-24 17:43:30 [ixnetwork_restpy.connection tid:124993348860992] [INFO] User info IxNetwork/ixnetworkweb/seunyang-76-3151236
2026-03-24 17:43:33 [ixnetwork_restpy.connection tid:124993348860992] [INFO] Loading config file: bgp_ngpf_8.30.ixncfg
2026-03-24 17:43:39 [ixnetwork_restpy.connection tid:124993348860992] [INFO] Adding test port hosts [10.36.88.110]...
2026-03-24 17:43:39 [ixnetwork_restpy.connection tid:124993348860992] [INFO] [10.36.88.110] is already added.
2026-03-24 17:43:43 [ixnetwork_restpy.connection tid:124993348860992] [INFO] PortMapAssistant._add_hosts duration: 3.564954996109009secs
2026-03-24 17:43:43 [ixnetwork_restpy.connection tid:124993348860992] [INFO] Connecting virtual ports to test ports using location
2026-03-24 17:43:47 [ixnetwork_restpy.connection tid:124993348860992] [INFO] PortMapAssistant._connect_ports duration: 4.039282321929932secs
2026-03-24 17:43:47 [ixnetwork_restpy.connection tid:124993348860992] [INFO] Checking virtual port link states
2026-03-24 17:43:57 [ixnetwork_restpy.connection tid:124993348860992] [INFO] PortMapAssistant._check_link_state duration: 10.414689779281616secs
2026-03-24 17:43:57 [ixnetwork_restpy.connection tid:124993348860992] [INFO] Starting NGPF protocols
2026-03-24 17:44:10 [ixnetwork_restpy.connection tid:124993348860992] [INFO] Verify protocol sessions
2026-03-24 17:46:39 [ixnetwork_restpy.connection tid:124993348860992] [INFO] Starting NGPF protocols
2026-03-24 17:46:39 [ixnetwork_restpy.connection tid:124993348860992] [INFO] Verify protocol sessions
2026-03-24 17:48:31 [ixnetwork_restpy.connection tid:124993348860992] [INFO] Applying traffic
2026-03-24 17:48:35 [ixnetwork_restpy.connection tid:124993348860992] [INFO] Starting traffic
2026-03-24 17:48:52 [ixnetwork_restpy.connection tid:124993348860992] [INFO] Row:0  View:Traffic Item Statistics  Sampled:2026-03-24 17:48:52.419588 UTC
	Traffic Item: BGP Traffic
	Tx Frames: 10000
	Rx Frames: 10000
	Frames Delta: 0
	Loss %: 0.000
	Tx Frame Rate: 0.000
	Rx Frame Rate: 0.000
	Tx L1 Rate (bps): 0.000
	Rx L1 Rate (bps): 0.000
	Rx Bytes: 1280000
	Tx Rate (Bps): 0.000
	Rx Rate (Bps): 0.000
	Tx Rate (bps): 0.000
	Rx Rate (bps): 0.000
	Tx Rate (Kbps): 0.000
	Rx Rate (Kbps): 0.000
	Tx Rate (Mbps): 0.000
	Rx Rate (Mbps): 0.000
	Store-Forward Avg Latency (ns): 0
	Store-Forward Min Latency (ns): 0
	Store-Forward Max Latency (ns): 0
	First TimeStamp: 00:00:01.094
	Last TimeStamp: 00:00:01.097

2026-03-24 17:48:54 [ixnetwork_restpy.connection tid:124993348860992] [INFO]
Traffic Item Stats:
	TxFrames: 10000  RxFrames: 10000

2026-03-24 17:48:54 [ixnetwork_restpy.connection tid:124993348860992] [INFO] Stopping traffic
2026-03-24 17:50:47 [ixnetwork_restpy.connection tid:124993348860992] [WARNING] Verification of certificates is disabled
2026-03-24 17:50:47 [ixnetwork_restpy.connection tid:124993348860992] [INFO] Determining the platform and rest_port using the 10.36.94.225 address...
2026-03-24 17:50:47 [ixnetwork_restpy.connection tid:124993348860992] [WARNING] Unable to connect to http://10.36.94.225:443.
2026-03-24 17:50:47 [ixnetwork_restpy.connection tid:124993348860992] [INFO] Connection established to `https://10.36.94.225:443 on linux`
2026-03-24 17:51:21 [ixnetwork_restpy.connection tid:124993348860992] [INFO] Using IxNetwork api server version 11.10.2508.10
2026-03-24 17:51:21 [ixnetwork_restpy.connection tid:124993348860992] [INFO] User info IxNetwork/ixnetworkweb/seunyang-77-3153576
2026-03-24 17:51:23 [ixnetwork_restpy.connection tid:124993348860992] [INFO] Loading config file: bgp_ngpf_8.30.ixncfg
2026-03-24 17:51:29 [ixnetwork_restpy.connection tid:124993348860992] [INFO] Adding test port hosts [10.36.88.110]...
2026-03-24 17:51:29 [ixnetwork_restpy.connection tid:124993348860992] [INFO] [10.36.88.110] is already added.
2026-03-24 17:51:33 [ixnetwork_restpy.connection tid:124993348860992] [INFO] PortMapAssistant._add_hosts duration: 3.60093092918396secs
2026-03-24 17:51:33 [ixnetwork_restpy.connection tid:124993348860992] [INFO] Connecting virtual ports to test ports using location
2026-03-24 17:51:47 [ixnetwork_restpy.connection tid:124993348860992] [INFO] PortMapAssistant._connect_ports duration: 14.612550020217896secs
2026-03-24 17:51:47 [ixnetwork_restpy.connection tid:124993348860992] [INFO] Checking virtual port link states
2026-03-24 17:51:58 [ixnetwork_restpy.connection tid:124993348860992] [INFO] PortMapAssistant._check_link_state duration: 10.306494951248169secs
2026-03-24 17:51:58 [ixnetwork_restpy.connection tid:124993348860992] [INFO] Starting NGPF protocols
2026-03-24 17:52:13 [ixnetwork_restpy.connection tid:124993348860992] [INFO] Verify protocol sessions
2026-03-24 17:52:24 [ixnetwork_restpy.connection tid:124993348860992] [INFO] Applying traffic
2026-03-24 17:52:29 [ixnetwork_restpy.connection tid:124993348860992] [INFO] Starting traffic
2026-03-24 17:52:47 [ixnetwork_restpy.connection tid:124993348860992] [INFO] Row:0  View:Traffic Item Statistics  Sampled:2026-03-24 17:52:47.822674 UTC
	Traffic Item: BGP Traffic
	Tx Frames: 10000
	Rx Frames: 10000
	Frames Delta: 0
	Loss %: 0.000
	Tx Frame Rate: 0.000
	Rx Frame Rate: 0.000
	Tx L1 Rate (bps): 0.000
	Rx L1 Rate (bps): 0.000
	Rx Bytes: 1280000
	Tx Rate (Bps): 0.000
	Rx Rate (Bps): 0.000
	Tx Rate (bps): 0.000
	Rx Rate (bps): 0.000
	Tx Rate (Kbps): 0.000
	Rx Rate (Kbps): 0.000
	Tx Rate (Mbps): 0.000
	Rx Rate (Mbps): 0.000
	Store-Forward Avg Latency (ns): 0
	Store-Forward Min Latency (ns): 0
	Store-Forward Max Latency (ns): 0
	First TimeStamp: 00:00:01.088
	Last TimeStamp: 00:00:01.090

2026-03-24 17:52:50 [ixnetwork_restpy.connection tid:124993348860992] [INFO]
Traffic Item Stats:
	TxFrames: 10000  RxFrames: 10000

2026-03-24 17:52:50 [ixnetwork_restpy.connection tid:124993348860992] [INFO] Stopping traffic
